<?xml version="1.0" encoding="UTF-8"?>
<!-- Generated by org.testng.reporters.JUnitReportReporter -->
<testsuite hostname="Dhirajs-MacBook-Pro.local" failures="0" tests="2" name="androidTests.GeneralStoreAppTest" time="19.929" errors="0" timestamp="2024-01-18T16:43:20 IST" skipped="0">
  <testcase classname="androidTests.GeneralStoreAppTest" name="fillform" time="13.810"/>
  <system-out/>
  <testcase classname="androidTests.GeneralStoreAppTest" name="productCatalogue" time="6.119"/>
  <system-out/>
</testsuite> <!-- androidTests.GeneralStoreAppTest -->
