<?xml version="1.0" encoding="UTF-8"?>
<!-- Generated by org.testng.reporters.JUnitReportReporter -->
<testsuite hostname="Dhirajs-MacBook-Pro.local" failures="0" tests="2" name="iOSTests.iOSAppTest" time="13.622" errors="0" timestamp="2024-01-18T15:44:46 IST" skipped="0">
  <testcase classname="iOSTests.iOSAppTest" name="homePageTest" time="2.833"/>
  <system-out/>
  <testcase classname="iOSTests.iOSAppTest" name="AlertViewsPageTest" time="10.789"/>
  <system-out/>
</testsuite> <!-- iOSTests.iOSAppTest -->
